<?xml version="1.0" encoding="UTF-8"?>
<!-- Generated by org.testng.reporters.JUnitXMLReporter -->
<testsuite ignored="0" hostname="LAPTOP-5LC4GE84" failures="1" tests="8" name="Free CRM App Test Casesss" time="114.902" errors="0" timestamp="2022-11-29T22:07:15 IST">
  <testcase classname="com.crm.qa.testcases.LoginPageTest" name="loginPageTitleTest" time="0.016"/>
  <testcase classname="com.crm.qa.testcases.LoginPageTest" name="loginTest" time="0.49"/>
  <testcase classname="com.crm.qa.testcases.HomePageTest" name="verifyHomePageTtitleTest" time="0.015"/>
  <testcase classname="com.crm.qa.testcases.HomePageTest" name="verifyUserNameTest" time="1.886"/>
  <testcase classname="com.crm.qa.testcases.ContactsPageTest" name="verifyContactsPageLabel" time="0.031"/>
  <testcase classname="com.crm.qa.testcases.ContactsPageTest" name="selectSingleContactsTest" time="1.297"/>
  <testcase classname="com.crm.qa.testcases.ContactsPageTest" name="selectultipleContactsTest" time="0.755"/>
  <testcase classname="com.crm.qa.testcases.ContactsPageTest" name="validateCreateNewContact" time="0.0">
    <failure type="java.lang.RuntimeException" message="java.lang.NoClassDefFoundError: org/apache/commons/io/output/UnsynchronizedByteArrayOutputStream">
      <![CDATA[java.lang.RuntimeException: java.lang.NoClassDefFoundError: org/apache/commons/io/output/UnsynchronizedByteArrayOutputStream
at java.base/java.util.ArrayList.forEach(ArrayList.java:1540)
Caused by: java.lang.NoClassDefFoundError: org/apache/commons/io/output/UnsynchronizedByteArrayOutputStream
at org.apache.poi.poifs.filesystem.FileMagic.valueOf(FileMagic.java:209)
at org.apache.poi.ss.usermodel.WorkbookFactory.create(WorkbookFactory.java:222)
at org.apache.poi.ss.usermodel.WorkbookFactory.create(WorkbookFactory.java:185)
at com.crm.qa.utilities.TestUtil.getTestData(TestUtil.java:39)
at com.crm.qa.testcases.ContactsPageTest.getCRMTestData(ContactsPageTest.java:61)
... 25 more
Caused by: java.lang.ClassNotFoundException: org.apache.commons.io.output.UnsynchronizedByteArrayOutputStream
at java.base/jdk.internal.loader.BuiltinClassLoader.loadClass(BuiltinClassLoader.java:583)
at java.base/jdk.internal.loader.ClassLoaders$AppClassLoader.loadClass(ClassLoaders.java:178)
at java.base/java.lang.ClassLoader.loadClass(ClassLoader.java:521)
... 37 more
... Removed 32 stack frames]]>
    </failure>
  </testcase> <!-- validateCreateNewContact -->
</testsuite> <!-- Free CRM App Test Casesss -->
