<?xml version="1.0" encoding="UTF-8"?>
<!-- Generated by org.testng.reporters.JUnitXMLReporter -->
<testsuite ignored="1" hostname="LAPTOP-5LC4GE84" failures="0" tests="3" name="Default test" time="64.832" errors="0" timestamp="2023-06-19T01:53:50 IST">
  <testcase classname="com.crm.qa.testcases.ContactsPageTest" name="verifyContactsPageLabel" time="0.157"/>
  <testcase classname="com.crm.qa.testcases.ContactsPageTest" name="selectSingleContactsTest" time="1.361"/>
  <testcase classname="com.crm.qa.testcases.ContactsPageTest" name="selectultipleContactsTest" time="1.607"/>
  <testcase classname="com.crm.qa.testcases.ContactsPageTest" name="validateCreateNewContact" time="0.0">
    <ignored/>
  </testcase> <!-- validateCreateNewContact -->
</testsuite> <!-- Default test -->
