<?xml version="1.0" encoding="UTF-8"?>
<!-- Generated by org.testng.reporters.JUnitXMLReporter -->
<testsuite ignored="0" hostname="LAPTOP-5LC4GE84" failures="0" tests="4" name="Free CRM App Test Casesss" time="62.597" errors="0" timestamp="2022-08-04T11:16:57 IST">
  <testcase classname="com.crm.qa.testcases.LoginPageTest" name="loginPageTitleTest" time="0.0"/>
  <testcase classname="com.crm.qa.testcases.LoginPageTest" name="loginTest" time="0.224"/>
  <testcase classname="com.crm.qa.testcases.HomePageTest" name="verifyHomePageTtitleTest" time="0.007"/>
  <testcase classname="com.crm.qa.testcases.HomePageTest" name="verifyUserNameTest" time="1.864"/>
</testsuite> <!-- Free CRM App Test Casesss -->
